2019-08-04 00:28:36,096 - INFO - client - Client was started
2019-08-04 00:28:44,731 - INFO - client - Client send data "Test"
2019-08-04 00:28:44,737 - INFO - client - Server send data "{"action": "echo", "time": 1564860524.737002, "code": 200, "data": "Test"}"
2019-08-04 04:13:24,038 - INFO - client - Client was started
2019-08-04 04:14:11,266 - INFO - client - Client send data "Test"
2019-08-04 04:14:11,283 - INFO - client - Server send data ""
2019-08-04 04:18:19,501 - INFO - client - Client was started
2019-08-04 04:18:29,378 - INFO - client - Client send data "Test"
2019-08-04 04:18:29,390 - INFO - client - Server send data "{"action": "echo", "time": 1564874309.39076, "code": 200, "data": "Test"}"
2019-08-04 04:21:17,714 - INFO - client - Client was started
2019-08-04 04:21:27,402 - INFO - client - Client send data "Test"
2019-08-04 04:21:27,409 - INFO - client - Server send data "{"action": "echo", "time": 1564874487.409293, "code": 200, "data": "Test"}"
2019-08-04 04:23:20,535 - INFO - Client was started
2019-08-04 04:23:28,625 - INFO - Client send data "Test"
2019-08-04 04:23:28,632 - INFO - Server send data "{"action": "echo", "time": 1564874608.632853, "code": 200, "data": "Test"}"
2019-08-04 04:25:15,314 - INFO - Client was started

2019-08-04 04:25:54,929 - INFO - Client was started
2019-08-04 04:26:41,187 - INFO - Client was started
2019-08-04 04:26:48,490 - INFO - Client send data "Test"
2019-08-04 04:26:48,497 - INFO - Server send data "{"action": "echo", "time": 1564874808.497163, "code": 200, "data": "Test"}"
2019-08-04 04:27:52,944 - INFO - Client was started
2019-08-04 04:28:00,873 - INFO - Client send data "Test"
2019-08-04 04:28:00,882 - INFO - Server send data "{"action": "echo", "time": 1564874880.881662, "code": 200, "data": "Test"}"
2019-08-04 04:51:09,097 - INFO - Client was started
2019-08-04 04:51:25,713 - INFO - Client send data "Test"
2019-08-04 04:51:25,719 - INFO - Server send data "{"action": "Echo", "time": 1564876285.719395, "code": 404, "data": "Action not found"}"
2019-08-04 04:53:55,258 - INFO - Client was started
2019-08-04 04:54:01,920 - INFO - Client send data "Test"
2019-08-04 04:54:01,928 - INFO - Server send data "{"action": "echo", "time": 1564876441.927269, "code": 200, "data": "Test"}"
2019-08-04 04:55:36,215 - INFO - Client was started
2019-08-04 04:55:45,312 - INFO - Client send data "Test"
2019-08-04 04:55:45,319 - INFO - Server send data "{"action": "echo", "time": 1564876545.318526, "code": 200, "data": "Test"}"
2019-08-04 04:58:45,427 - INFO - Client was started
2019-08-04 04:58:59,561 - INFO - Client send data "Test"
2019-08-04 04:58:59,570 - INFO - Server send data "{"action": "echo", "time": 1564876739.570163, "code": 200, "data": "Test"}"
